-------------------------------------------------------------------------------
Test set: com.ezgroceries.shoppinglist.controller.ShoppingListControllerBootTests
-------------------------------------------------------------------------------
Tests run: 1, Failures: 0, Errors: 1, Skipped: 0, Time elapsed: 0.041 s <<< FAILURE! - in com.ezgroceries.shoppinglist.controller.ShoppingListControllerBootTests
com.ezgroceries.shoppinglist.controller.ShoppingListControllerBootTests  Time elapsed: 0.04 s  <<< ERROR!
java.lang.IllegalStateException: Found multiple @SpringBootConfiguration annotated classes [Generic bean: class [com.ezgroceries.shoppinglist.ShoppingListApplication]; scope=; abstract=false; lazyInit=null; autowireMode=0; dependencyCheck=0; autowireCandidate=true; primary=false; factoryBeanName=null; factoryMethodName=null; initMethodName=null; destroyMethodName=null; defined in file [/Users/geertdooms/Documents/Cloud Native Training/Practical case/cloud-native-practical/shopping-list/target/classes/com/ezgroceries/shoppinglist/ShoppingListApplication.class], Generic bean: class [com.ezgroceries.shoppinglist.ShoppingListApplicationHsqldb]; scope=; abstract=false; lazyInit=null; autowireMode=0; dependencyCheck=0; autowireCandidate=true; primary=false; factoryBeanName=null; factoryMethodName=null; initMethodName=null; destroyMethodName=null; defined in file [/Users/geertdooms/Documents/Cloud Native Training/Practical case/cloud-native-practical/shopping-list/target/classes/com/ezgroceries/shoppinglist/ShoppingListApplicationHsqldb.class]]

