-------------------------------------------------------------------------------
Test set: com.ezgroceries.shoppinglist.controller.MealControllerBootTests
-------------------------------------------------------------------------------
Tests run: 1, Failures: 0, Errors: 1, Skipped: 0, Time elapsed: 0.492 s <<< FAILURE! - in com.ezgroceries.shoppinglist.controller.MealControllerBootTests
searchMeals  Time elapsed: 0.001 s  <<< ERROR!
java.lang.IllegalStateException: Failed to load ApplicationContext
Caused by: org.springframework.beans.factory.UnsatisfiedDependencyException: Error creating bean with name 'securityConfiguration' defined in file [/Users/geertdooms/Documents/Cloud Native Training/Practical case/cloud-native-practical/shopping-list/target/classes/com/ezgroceries/shoppinglist/config/SecurityConfiguration.class]: Unsatisfied dependency expressed through constructor parameter 0; nested exception is org.springframework.beans.factory.NoSuchBeanDefinitionException: No qualifying bean of type 'javax.sql.DataSource' available: expected at least 1 bean which qualifies as autowire candidate. Dependency annotations: {}
Caused by: org.springframework.beans.factory.NoSuchBeanDefinitionException: No qualifying bean of type 'javax.sql.DataSource' available: expected at least 1 bean which qualifies as autowire candidate. Dependency annotations: {}

