<?xml version="1.0" encoding="UTF-8"?>
<testsuite xmlns:xsi="http://www.w3.org/2001/XMLSchema-instance" xsi:noNamespaceSchemaLocation="https://maven.apache.org/surefire/maven-surefire-plugin/xsd/surefire-test-report.xsd" name="com.ezgroceries.shoppinglist.service.ShoppingListServiceBootTests" time="5.733" tests="5" errors="0" skipped="1" failures="0">
  <properties>
[...]
</properties>
  <testcase name="getAllShoppingListsTest" classname="com.ezgroceries.shoppinglist.service.ShoppingListServiceBootTests" time="0.066"/>
  <testcase name="addCocktailsToShoppingList" classname="com.ezgroceries.shoppinglist.service.ShoppingListServiceBootTests" time="0.016"/>
  <testcase name="addMealsToShoppingList" classname="com.ezgroceries.shoppinglist.service.ShoppingListServiceBootTests" time="0.007"/>
  <testcase name="createShoppingListTest" classname="com.ezgroceries.shoppinglist.service.ShoppingListServiceBootTests" time="0">
    <skipped message="public void com.ezgroceries.shoppinglist.service.ShoppingListServiceBootTests.createShoppingListTest() is @Disabled"/>
  </testcase>
  <testcase name="getShoppingListTest" classname="com.ezgroceries.shoppinglist.service.ShoppingListServiceBootTests" time="0.006"/>
</testsuite>