<?xml version="1.0" encoding="UTF-8"?>
<testsuite xmlns:xsi="http://www.w3.org/2001/XMLSchema-instance" xsi:noNamespaceSchemaLocation="https://maven.apache.org/surefire/maven-surefire-plugin/xsd/surefire-test-report.xsd" name="com.ezgroceries.shoppinglist.web.ShoppingListControllerBootTests" time="0.816" tests="4" errors="0" skipped="2" failures="0">
  <properties>
[...]
</properties>
  <testcase name="addCocktailsToShoppingList" classname="com.ezgroceries.shoppinglist.web.ShoppingListControllerBootTests" time="0">
    <skipped message="public void com.ezgroceries.shoppinglist.web.ShoppingListControllerBootTests.addCocktailsToShoppingList() throws java.lang.Exception is @Disabled"/>
    <system-out><![CDATA[2020-11-04 16:03:40.039  INFO 25494 --- [           main] .b.t.a.w.s.WebMvcTestContextBootstrapper : Neither @ContextConfiguration nor @ContextHierarchy found for test class [com.ezgroceries.shoppinglist.web.ShoppingListControllerBootTests], using SpringBootContextLoader
2020-11-04 16:03:40.040  INFO 25494 --- [           main] o.s.t.c.support.AbstractContextLoader    : Could not detect default resource locations for test class [com.ezgroceries.shoppinglist.web.ShoppingListControllerBootTests]: no resource found for suffixes {-context.xml, Context.groovy}.
2020-11-04 16:03:40.040  INFO 25494 --- [           main] t.c.s.AnnotationConfigContextLoaderUtils : Could not detect default configuration classes for test class [com.ezgroceries.shoppinglist.web.ShoppingListControllerBootTests]: ShoppingListControllerBootTests does not declare any static, non-private, non-final, nested classes annotated with @Configuration.
2020-11-04 16:03:40.055  INFO 25494 --- [           main] .b.t.c.SpringBootTestContextBootstrapper : Found @SpringBootConfiguration com.ezgroceries.shoppinglist.ShoppingListApplication for test class com.ezgroceries.shoppinglist.web.ShoppingListControllerBootTests
2020-11-04 16:03:40.056  INFO 25494 --- [           main] .b.t.a.w.s.WebMvcTestContextBootstrapper : Loaded default TestExecutionListener class names from location [META-INF/spring.factories]: [org.springframework.boot.test.mock.mockito.MockitoTestExecutionListener, org.springframework.boot.test.mock.mockito.ResetMocksTestExecutionListener, org.springframework.boot.test.autoconfigure.restdocs.RestDocsTestExecutionListener, org.springframework.boot.test.autoconfigure.web.client.MockRestServiceServerResetTestExecutionListener, org.springframework.boot.test.autoconfigure.web.servlet.MockMvcPrintOnlyOnFailureTestExecutionListener, org.springframework.boot.test.autoconfigure.web.servlet.WebDriverTestExecutionListener, org.springframework.boot.test.autoconfigure.webservices.client.MockWebServiceServerTestExecutionListener, org.springframework.test.context.web.ServletTestExecutionListener, org.springframework.test.context.support.DirtiesContextBeforeModesTestExecutionListener, org.springframework.test.context.support.DependencyInjectionTestExecutionListener, org.springframework.test.context.support.DirtiesContextTestExecutionListener, org.springframework.test.context.transaction.TransactionalTestExecutionListener, org.springframework.test.context.jdbc.SqlScriptsTestExecutionListener, org.springframework.test.context.event.EventPublishingTestExecutionListener]
2020-11-04 16:03:40.057  INFO 25494 --- [           main] .b.t.a.w.s.WebMvcTestContextBootstrapper : Using TestExecutionListeners: [org.springframework.test.context.web.ServletTestExecutionListener@2a984952, org.springframework.test.context.support.DirtiesContextBeforeModesTestExecutionListener@16944b58, org.springframework.boot.test.mock.mockito.MockitoTestExecutionListener@1dbc607d, org.springframework.boot.test.autoconfigure.SpringBootDependencyInjectionTestExecutionListener@62b42406, org.springframework.test.context.support.DirtiesContextTestExecutionListener@a0e33db, org.springframework.test.context.event.EventPublishingTestExecutionListener@3ef46749, org.springframework.boot.test.mock.mockito.ResetMocksTestExecutionListener@40b54762, org.springframework.boot.test.autoconfigure.restdocs.RestDocsTestExecutionListener@362cf66, org.springframework.boot.test.autoconfigure.web.client.MockRestServiceServerResetTestExecutionListener@7809b43a, org.springframework.boot.test.autoconfigure.web.servlet.MockMvcPrintOnlyOnFailureTestExecutionListener@65da4a5d, org.springframework.boot.test.autoconfigure.web.servlet.WebDriverTestExecutionListener@fbe8fd3, org.springframework.boot.test.autoconfigure.webservices.client.MockWebServiceServerTestExecutionListener@1ab268bd]

  .   ____          _            __ _ _
 /\\ / ___'_ __ _ _(_)_ __  __ _ \ \ \ \
( ( )\___ | '_ | '_| | '_ \/ _` | \ \ \ \
 \\/  ___)| |_)| | | | | || (_| |  ) ) ) )
  '  |____| .__|_| |_|_| |_\__, | / / / /
 =========|_|==============|___/=/_/_/_/
 :: Spring Boot ::        (v2.3.5.RELEASE)

2020-11-04 16:03:40.087  INFO 25494 --- [           main] c.e.s.w.ShoppingListControllerBootTests  : Starting ShoppingListControllerBootTests on 103733849 with PID 25494 (started by geertdooms in /Users/geertdooms/Documents/Cloud Native Training/Practical case/cloud-native-practical/shopping-list)
2020-11-04 16:03:40.088  INFO 25494 --- [           main] c.e.s.w.ShoppingListControllerBootTests  : No active profile set, falling back to default profiles: default
2020-11-04 16:03:40.550  INFO 25494 --- [           main] pertySourcedRequestMappingHandlerMapping : Mapped URL path [/v2/api-docs] onto method [springfox.documentation.swagger2.web.Swagger2Controller#getDocumentation(String, HttpServletRequest)]
2020-11-04 16:03:40.603  INFO 25494 --- [           main] o.s.s.concurrent.ThreadPoolTaskExecutor  : Initializing ExecutorService 'applicationTaskExecutor'
2020-11-04 16:03:40.689  INFO 25494 --- [           main] o.s.b.t.m.w.SpringBootMockServletContext : Initializing Spring TestDispatcherServlet ''
2020-11-04 16:03:40.689  INFO 25494 --- [           main] o.s.t.web.servlet.TestDispatcherServlet  : Initializing Servlet ''
2020-11-04 16:03:40.696  INFO 25494 --- [           main] o.s.t.web.servlet.TestDispatcherServlet  : Completed initialization in 7 ms
2020-11-04 16:03:40.705  INFO 25494 --- [           main] d.s.w.p.DocumentationPluginsBootstrapper : Context refreshed
2020-11-04 16:03:40.706  INFO 25494 --- [           main] d.s.w.p.DocumentationPluginsBootstrapper : Found 1 custom documentation plugin(s)
2020-11-04 16:03:40.709  INFO 25494 --- [           main] s.d.s.w.s.ApiListingReferenceScanner     : Scanning for api listing references
2020-11-04 16:03:40.737  INFO 25494 --- [           main] c.e.s.w.ShoppingListControllerBootTests  : Started ShoppingListControllerBootTests in 0.677 seconds (JVM running for 3.936)
]]></system-out>
  </testcase>
  <testcase name="getShoppingList" classname="com.ezgroceries.shoppinglist.web.ShoppingListControllerBootTests" time="0">
    <skipped message="public void com.ezgroceries.shoppinglist.web.ShoppingListControllerBootTests.getShoppingList() throws java.lang.Exception is @Disabled"/>
  </testcase>
  <testcase name="createShoppingList" classname="com.ezgroceries.shoppinglist.web.ShoppingListControllerBootTests" time="0.113"/>
  <testcase name="getAllShoppingLists" classname="com.ezgroceries.shoppinglist.web.ShoppingListControllerBootTests" time="0.013"/>
</testsuite>